Arguments: 
  C:\Program Files\nodejs\node.exe C:\Users\choi\AppData\Roaming\npm\node_modules\yarn\bin\yarn.js add --dev eslint @typescript-eslint/parser @typescript-eslint/plugin

PATH: 
  C:\Users\choi\bin;C:\Program Files\Git\mingw64\bin;C:\Program Files\Git\usr\local\bin;C:\Program Files\Git\usr\bin;C:\Program Files\Git\usr\bin;C:\Program Files\Git\mingw64\bin;C:\Program Files\Git\usr\bin;C:\Users\choi\bin;C:\apache-maven-3.6.3\bin;C:\Program Files (x86)\Common Files\Oracle\Java\javapath;C:\WINDOWS\system32;C:\WINDOWS;C:\WINDOWS\System32\Wbem;C:\WINDOWS\System32\WindowsPowerShell\v1.0;C:\WINDOWS\System32\OpenSSH;C:\Program Files\TortoiseSVN\bin;C:\Program Files\Git\cmd;C:\Program Files\Microsoft SQL Server\110\Tools\Binn;C:\Program Files\PuTTY;C:\Program Files\MongoDB\Server\4.2\bin;C:\Users\choi\AppData\Roaming\nvm;C:\Program Files\nodejs;C:\Program Files\XVision\Sense Reader;C:\Program Files\Docker\Docker\resources\bin;C:\ProgramData\DockerDesktop\version-bin;C:\Scoop\shims;C:\Users\choi\AppData\Local\Microsoft\WindowsApps;C:\Program Files\Bandizip;C:\Users\choi\AppData\Roaming\npm;C:\Users\choi\AppData\Local\Microsoft\WindowsApps;C:\Users\choi\AppData\Roaming\nvm;C:\Program Files\nodejs;C:\Users\choi\AppData\Local\Programs\Microsoft VS Code\bin;C:\SBGrid_DEV\SBGrid2.1\trunk\SBGrid_Deploy\apache-ant-1.9.2\bin;C:\Users\choi\AppData\Local\afreeca;C:\Program Files\Git\usr\bin\vendor_perl;C:\Program Files\Git\usr\bin\core_perl

Yarn version: 
  1.22.10

Node version: 
  16.13.1

Platform: 
  win32 x64

Trace: 
  Error: https://registry.yarnpkg.com/@typescript-eslint%2fplugin: Not found
      at Request.params.callback [as _callback] (C:\Users\choi\AppData\Roaming\npm\node_modules\yarn\lib\cli.js:66988:18)
      at Request.self.callback (C:\Users\choi\AppData\Roaming\npm\node_modules\yarn\lib\cli.js:140662:22)
      at Request.emit (node:events:390:28)
      at Request.<anonymous> (C:\Users\choi\AppData\Roaming\npm\node_modules\yarn\lib\cli.js:141634:10)
      at Request.emit (node:events:390:28)
      at IncomingMessage.<anonymous> (C:\Users\choi\AppData\Roaming\npm\node_modules\yarn\lib\cli.js:141556:12)
      at Object.onceWrapper (node:events:509:28)
      at IncomingMessage.emit (node:events:402:35)
      at endReadableNT (node:internal/streams/readable:1343:12)
      at processTicksAndRejections (node:internal/process/task_queues:83:21)

npm manifest: 
  {
    "name": "ts-ex6",
    "version": "1.0.0",
    "description": "",
    "main": "index.js",
    "scripts": {
      "test": "echo \"Error: no test specified\" && exit 1"
    },
    "keywords": [],
    "author": "",
    "license": "ISC",
    "dependencies": {
      "typescript": "^4.7.4"
    }
  }

yarn manifest: 
  No manifest

Lockfile: 
  No lockfile
